info: ::1 - - [07/Jun/2023:01:56:46 +0000] "GET /api/v1/users/getAll HTTP/1.1" 200 1997 "-" "PostmanRuntime/7.32.2"

info: ::1 - - [07/Jun/2023:01:57:52 +0000] "GET /api/v1/users/getAll HTTP/1.1" 200 1997 "-" "PostmanRuntime/7.32.2"

info: ::1 - - [07/Jun/2023:01:57:55 +0000] "GET /api/v1/users/getAll HTTP/1.1" 200 1997 "-" "PostmanRuntime/7.32.2"

info: ::1 - - [07/Jun/2023:01:58:03 +0000] "GET /api/v1/users/getAll HTTP/1.1" 200 1997 "-" "PostmanRuntime/7.32.2"

info: ::1 - - [07/Jun/2023:01:58:07 +0000] "GET /api/v1/users/getAll HTTP/1.1" 200 1997 "-" "PostmanRuntime/7.32.2"

info: ::1 - - [07/Jun/2023:01:58:25 +0000] "GET /api/v1/users/getAll HTTP/1.1" 429 55 "-" "PostmanRuntime/7.32.2"

info: ::1 - - [07/Jun/2023:02:04:11 +0000] "GET /api/v1/users/getAll HTTP/1.1" 200 1997 "-" "PostmanRuntime/7.32.2"

info: ::1 - - [07/Jun/2023:02:04:17 +0000] "GET /api/v1/users/getAll HTTP/1.1" 200 1997 "-" "PostmanRuntime/7.32.2"

info: ::1 - - [07/Jun/2023:02:04:19 +0000] "GET /api/v1/users/getAll HTTP/1.1" 200 1997 "-" "PostmanRuntime/7.32.2"

info: ::1 - - [07/Jun/2023:02:04:49 +0000] "GET /api/v1/users/getAll HTTP/1.1" 429 55 "-" "PostmanRuntime/7.32.2"

info: ::1 - - [07/Jun/2023:02:04:56 +0000] "GET /api/v1/users/getAll HTTP/1.1" 429 55 "-" "PostmanRuntime/7.32.2"

info: ::1 - - [07/Jun/2023:02:05:03 +0000] "GET /api/v1/users/getAll HTTP/1.1" 200 1997 "-" "PostmanRuntime/7.32.2"

info: ::1 - - [07/Jun/2023:02:05:08 +0000] "GET /api/v1/users/getAll HTTP/1.1" 200 1997 "-" "PostmanRuntime/7.32.2"

info: ::1 - - [07/Jun/2023:02:05:10 +0000] "GET /api/v1/users/getAll HTTP/1.1" 200 1997 "-" "PostmanRuntime/7.32.2"

info: ::1 - - [07/Jun/2023:02:05:13 +0000] "GET /api/v1/users/getAll HTTP/1.1" 429 55 "-" "PostmanRuntime/7.32.2"

info: ::1 - - [07/Jun/2023:02:08:46 +0000] "GET /api/v1/users/getAll HTTP/1.1" 200 1997 "-" "PostmanRuntime/7.32.2"

info: ::1 - - [07/Jun/2023:02:26:45 +0000] "GET /api/v1/users/getAll HTTP/1.1" 200 1997 "-" "PostmanRuntime/7.32.2"

info: ::1 - - [07/Jun/2023:02:27:36 +0000] "GET /api/v1/users/getAll HTTP/1.1" 200 1997 "-" "PostmanRuntime/7.32.2"

info: ::1 - - [07/Jun/2023:02:27:51 +0000] "GET /api/v1/users/getAll HTTP/1.1" 200 1997 "-" "PostmanRuntime/7.32.2"

info: ::1 - - [07/Jun/2023:02:31:04 +0000] "GET /api/v1/users/getAll HTTP/1.1" 200 1997 "-" "PostmanRuntime/7.32.2"

info: ::1 - - [07/Jun/2023:02:31:31 +0000] "GET /api/v1/users/getAll HTTP/1.1" 200 1997 "-" "PostmanRuntime/7.32.2"

info: ::1 - - [07/Jun/2023:02:33:02 +0000] "GET /api/v1/users/getAll HTTP/1.1" 200 1997 "-" "PostmanRuntime/7.32.2"

info: ::1 - - [07/Jun/2023:02:33:09 +0000] "GET /api/v1/users/getAll HTTP/1.1" 200 1997 "-" "PostmanRuntime/7.32.2"

info: ::1 - - [07/Jun/2023:02:33:20 +0000] "GET /api/v1/users/getAll HTTP/1.1" 429 55 "-" "PostmanRuntime/7.32.2"

info: ::1 - - [07/Jun/2023:02:42:57 +0000] "GET /api/v1/users/getAll HTTP/1.1" 500 54 "-" "PostmanRuntime/7.32.2"

info: ::1 - - [07/Jun/2023:02:47:37 +0000] "GET /api/v1/users/getAll HTTP/1.1" 500 54 "-" "PostmanRuntime/7.32.2"

info: ::1 - - [07/Jun/2023:02:47:39 +0000] "GET /api/v1/users/getAll HTTP/1.1" 500 54 "-" "PostmanRuntime/7.32.2"

info: ::1 - - [07/Jun/2023:02:48:17 +0000] "GET /api/v1/users/getAll HTTP/1.1" 200 55 "-" "PostmanRuntime/7.32.2"

info: ::1 - - [07/Jun/2023:02:49:59 +0000] "GET /api/v1/users/getAll HTTP/1.1" 200 55 "-" "PostmanRuntime/7.32.2"

info: ::1 - - [07/Jun/2023:02:50:41 +0000] "GET /api/v1/users/getAll HTTP/1.1" 200 55 "-" "PostmanRuntime/7.32.2"

info: ::1 - - [07/Jun/2023:02:51:12 +0000] "GET /api/v1/users/getAll HTTP/1.1" 200 1997 "-" "PostmanRuntime/7.32.2"

info: ::1 - - [07/Jun/2023:02:59:53 +0000] "GET /api/v1/users/getAll HTTP/1.1" 200 1997 "-" "PostmanRuntime/7.32.2"

info: ::1 - - [07/Jun/2023:03:06:42 +0000] "GET /api/v1/users/getAll HTTP/1.1" 200 1997 "-" "PostmanRuntime/7.32.2"

info: ::1 - - [07/Jun/2023:03:11:53 +0000] "GET /api/v1/users/getAll HTTP/1.1" 200 1997 "-" "PostmanRuntime/7.32.2"

info: ::1 - - [07/Jun/2023:03:12:41 +0000] "GET /api/v1/users/getAll HTTP/1.1" 200 1997 "-" "PostmanRuntime/7.32.2"

info: ::1 - - [07/Jun/2023:03:18:21 +0000] "GET /api/v1/users/getAll HTTP/1.1" 200 1997 "-" "PostmanRuntime/7.32.2"

info: ::1 - - [07/Jun/2023:03:20:25 +0000] "GET /api/v1/users/getAll HTTP/1.1" 200 1997 "-" "PostmanRuntime/7.32.2"

info: ::1 - - [07/Jun/2023:03:20:32 +0000] "GET /api/v1/users/getAll HTTP/1.1" 200 1997 "-" "PostmanRuntime/7.32.2"

info: ::1 - - [07/Jun/2023:08:59:09 +0000] "POST /api/v1/weather HTTP/1.1" 404 47 "-" "PostmanRuntime/7.32.2"

info: ::1 - - [07/Jun/2023:08:59:25 +0000] "POST /api/v1/weatherData HTTP/1.1" 201 186 "-" "PostmanRuntime/7.32.2"

info: ::1 - - [07/Jun/2023:09:04:07 +0000] "GET /api/v1/weatherData HTTP/1.1" 500 55 "-" "PostmanRuntime/7.32.2"

info: ::1 - - [07/Jun/2023:09:05:16 +0000] "GET /api/v1/weatherData HTTP/1.1" 429 55 "-" "axios/1.4.0"

info: ::1 - - [07/Jun/2023:09:05:17 +0000] "GET /api/v1/weatherData HTTP/1.1" 500 70 "-" "axios/1.4.0"

info: ::1 - - [07/Jun/2023:09:05:17 +0000] "GET /api/v1/weatherData HTTP/1.1" 500 70 "-" "PostmanRuntime/7.32.2"

info: ::1 - - [07/Jun/2023:09:06:12 +0000] "GET /api/v1/weatherData HTTP/1.1" 429 55 "-" "axios/1.4.0"

info: ::1 - - [07/Jun/2023:09:06:12 +0000] "GET /api/v1/weatherData HTTP/1.1" 500 70 "-" "axios/1.4.0"

info: ::1 - - [07/Jun/2023:09:06:12 +0000] "GET /api/v1/weatherData HTTP/1.1" 500 70 "-" "PostmanRuntime/7.32.2"

info: ::1 - - [07/Jun/2023:09:07:13 +0000] "GET /api/v1/weatherData HTTP/1.1" 200 303 "-" "PostmanRuntime/7.32.2"

info: ::1 - - [07/Jun/2023:09:08:40 +0000] "POST /api/v1/weatherData HTTP/1.1" 500 54 "-" "PostmanRuntime/7.32.2"

info: ::1 - - [07/Jun/2023:09:12:40 +0000] "POST /api/v1/weatherData HTTP/1.1" 500 63 "-" "PostmanRuntime/7.32.2"

info: ::1 - - [07/Jun/2023:09:13:15 +0000] "POST /api/v1/weatherData HTTP/1.1" 500 63 "-" "PostmanRuntime/7.32.2"

info: ::1 - - [07/Jun/2023:09:17:52 +0000] "GET /api/v1/weatherData HTTP/1.1" 200 303 "-" "Mozilla/5.0 (Windows NT 10.0; Win64; x64) AppleWebKit/537.36 (KHTML, like Gecko) Chrome/114.0.0.0 Safari/537.36"

info: ::1 - - [07/Jun/2023:09:17:52 +0000] "GET /favicon.ico HTTP/1.1" 404 47 "-" "Mozilla/5.0 (Windows NT 10.0; Win64; x64) AppleWebKit/537.36 (KHTML, like Gecko) Chrome/114.0.0.0 Safari/537.36"

info: ::1 - - [07/Jun/2023:09:18:48 +0000] "GET /api/v1/weatherData HTTP/1.1" 304 - "-" "Mozilla/5.0 (Windows NT 10.0; Win64; x64) AppleWebKit/537.36 (KHTML, like Gecko) Chrome/114.0.0.0 Safari/537.36"

info: ::1 - - [07/Jun/2023:09:23:26 +0000] "GET /api/v1/weatherData HTTP/1.1" 500 81 "-" "PostmanRuntime/7.32.2"

info: ::1 - - [07/Jun/2023:09:23:56 +0000] "GET /api/v1/weatherData HTTP/1.1" 500 81 "-" "Mozilla/5.0 (Windows NT 10.0; Win64; x64) AppleWebKit/537.36 (KHTML, like Gecko) Chrome/114.0.0.0 Safari/537.36"

info: ::1 - - [07/Jun/2023:09:25:45 +0000] "GET /api/v1/weatherData HTTP/1.1" 200 57 "-" "PostmanRuntime/7.32.2"

info: ::1 - - [07/Jun/2023:09:26:13 +0000] "GET /api/v1/weatherData HTTP/1.1" 200 57 "-" "PostmanRuntime/7.32.2"

info: ::1 - - [07/Jun/2023:09:26:49 +0000] "GET /api/v1/weatherData HTTP/1.1" 200 57 "-" "PostmanRuntime/7.32.2"

info: ::1 - - [07/Jun/2023:09:27:16 +0000] "GET /api/v1/weatherData HTTP/1.1" 200 57 "-" "Mozilla/5.0 (Windows NT 10.0; Win64; x64) AppleWebKit/537.36 (KHTML, like Gecko) Chrome/114.0.0.0 Safari/537.36"

info: ::1 - - [07/Jun/2023:09:29:11 +0000] "GET /api/v1/weatherData HTTP/1.1" 200 303 "-" "PostmanRuntime/7.32.2"

info: ::1 - - [07/Jun/2023:09:29:19 +0000] "GET /api/v1/weatherData HTTP/1.1" 200 303 "-" "Mozilla/5.0 (Windows NT 10.0; Win64; x64) AppleWebKit/537.36 (KHTML, like Gecko) Chrome/114.0.0.0 Safari/537.36"

info: ::1 - - [07/Jun/2023:09:31:41 +0000] "GET /api/v1/weatherData/create HTTP/1.1" 404 47 "-" "PostmanRuntime/7.32.2"

info: ::1 - - [07/Jun/2023:09:32:00 +0000] "GET /api/v1/weatherData HTTP/1.1" 429 55 "-" "undici"

info: ::1 - - [07/Jun/2023:09:32:00 +0000] "POST /api/v1/weatherData/create HTTP/1.1" 500 75 "-" "PostmanRuntime/7.32.2"

info: ::1 - - [07/Jun/2023:09:32:29 +0000] "GET /api/v1/weatherData HTTP/1.1" 200 303 "-" "undici"

info: ::1 - - [07/Jun/2023:09:32:29 +0000] "POST /api/v1/weatherData/create HTTP/1.1" 201 186 "-" "PostmanRuntime/7.32.2"

info: ::1 - - [07/Jun/2023:09:33:29 +0000] "GET /api/v1/weatherData HTTP/1.1" 200 303 "-" "undici"

info: ::1 - - [07/Jun/2023:09:33:29 +0000] "POST /api/v1/weatherData/create HTTP/1.1" 201 186 "-" "PostmanRuntime/7.32.2"

info: ::1 - - [07/Jun/2023:09:34:51 +0000] "GET /api/v1/weatherData HTTP/1.1" 200 303 "-" "undici"

info: ::1 - - [07/Jun/2023:09:34:51 +0000] "POST /api/v1/weatherData/create HTTP/1.1" 201 186 "-" "PostmanRuntime/7.32.2"

info: ::1 - - [07/Jun/2023:09:34:59 +0000] "GET /api/v1/weatherData HTTP/1.1" 200 303 "-" "undici"

info: ::1 - - [07/Jun/2023:09:34:59 +0000] "POST /api/v1/weatherData/create HTTP/1.1" 201 186 "-" "PostmanRuntime/7.32.2"

info: ::1 - - [07/Jun/2023:09:35:28 +0000] "GET /api/v1/weatherData HTTP/1.1" 200 303 "-" "undici"

info: ::1 - - [07/Jun/2023:09:35:28 +0000] "POST /api/v1/weatherData/create HTTP/1.1" 201 186 "-" "PostmanRuntime/7.32.2"

info: ::1 - - [07/Jun/2023:09:39:37 +0000] "GET /api/v1/weatherData HTTP/1.1" 200 303 "-" "undici"

info: ::1 - - [07/Jun/2023:09:39:37 +0000] "POST /api/v1/weatherData/create HTTP/1.1" 500 141 "-" "PostmanRuntime/7.32.2"

info: ::1 - - [07/Jun/2023:09:40:27 +0000] "GET /api/v1/weatherData HTTP/1.1" 200 303 "-" "undici"

info: ::1 - - [07/Jun/2023:09:40:27 +0000] "POST /api/v1/weatherData/create HTTP/1.1" 201 522 "-" "PostmanRuntime/7.32.2"

info: ::1 - - [07/Jun/2023:09:56:23 +0000] "POST /api/v1/weatherData/6480508b82f19f0efc292612 HTTP/1.1" 404 47 "-" "PostmanRuntime/7.32.2"

info: ::1 - - [07/Jun/2023:09:56:29 +0000] "PUT /api/v1/weatherData/create HTTP/1.1" 429 55 "-" "undici"

info: ::1 - - [07/Jun/2023:09:56:29 +0000] "PUT /api/v1/weatherData/create HTTP/1.1" 500 75 "-" "undici"

info: ::1 - - [07/Jun/2023:09:56:29 +0000] "PUT /api/v1/weatherData/create HTTP/1.1" 500 142 "-" "undici"

info: ::1 - - [07/Jun/2023:09:56:29 +0000] "PUT /api/v1/weatherData/create HTTP/1.1" 500 142 "-" "undici"

info: ::1 - - [07/Jun/2023:09:56:29 +0000] "PUT /api/v1/weatherData/create HTTP/1.1" 500 142 "-" "undici"

info: ::1 - - [07/Jun/2023:09:56:29 +0000] "PUT /api/v1/weatherData/create HTTP/1.1" 500 142 "-" "undici"

info: ::1 - - [07/Jun/2023:09:56:29 +0000] "PUT /api/v1/weatherData/create HTTP/1.1" 500 142 "-" "undici"

info: ::1 - - [07/Jun/2023:09:56:29 +0000] "PUT /api/v1/weatherData/create HTTP/1.1" 500 142 "-" "undici"

info: ::1 - - [07/Jun/2023:09:56:29 +0000] "PUT /api/v1/weatherData/create HTTP/1.1" 500 142 "-" "undici"

info: ::1 - - [07/Jun/2023:09:56:29 +0000] "PUT /api/v1/weatherData/create HTTP/1.1" 500 142 "-" "undici"

info: ::1 - - [07/Jun/2023:09:56:29 +0000] "PUT /api/v1/weatherData/create HTTP/1.1" 500 142 "-" "undici"

info: ::1 - - [07/Jun/2023:09:56:29 +0000] "PUT /api/v1/weatherData/6480508b82f19f0efc292612 HTTP/1.1" 201 522 "-" "PostmanRuntime/7.32.2"

info: ::1 - - [07/Jun/2023:09:57:49 +0000] "PUT /api/v1/weatherData/create HTTP/1.1" 429 55 "-" "undici"

info: ::1 - - [07/Jun/2023:09:57:49 +0000] "PUT /api/v1/weatherData/create HTTP/1.1" 500 75 "-" "undici"

info: ::1 - - [07/Jun/2023:09:57:49 +0000] "PUT /api/v1/weatherData/create HTTP/1.1" 500 142 "-" "undici"

info: ::1 - - [07/Jun/2023:09:57:49 +0000] "PUT /api/v1/weatherData/create HTTP/1.1" 500 142 "-" "undici"

info: ::1 - - [07/Jun/2023:09:57:49 +0000] "PUT /api/v1/weatherData/create HTTP/1.1" 500 142 "-" "undici"

info: ::1 - - [07/Jun/2023:09:57:49 +0000] "PUT /api/v1/weatherData/create HTTP/1.1" 500 142 "-" "undici"

info: ::1 - - [07/Jun/2023:09:57:49 +0000] "PUT /api/v1/weatherData/create HTTP/1.1" 500 142 "-" "undici"

info: ::1 - - [07/Jun/2023:09:57:49 +0000] "PUT /api/v1/weatherData/create HTTP/1.1" 500 142 "-" "undici"

info: ::1 - - [07/Jun/2023:09:57:49 +0000] "PUT /api/v1/weatherData/create HTTP/1.1" 500 142 "-" "undici"

info: ::1 - - [07/Jun/2023:09:57:49 +0000] "PUT /api/v1/weatherData/create HTTP/1.1" 500 142 "-" "undici"

info: ::1 - - [07/Jun/2023:09:57:49 +0000] "PUT /api/v1/weatherData/create HTTP/1.1" 500 142 "-" "undici"

info: ::1 - - [07/Jun/2023:09:57:49 +0000] "PUT /api/v1/weatherData/create HTTP/1.1" 500 142 "-" "undici"

info: ::1 - - [07/Jun/2023:09:57:49 +0000] "PUT /api/v1/weatherData/6480508b82f19f0efc292612 HTTP/1.1" 201 522 "-" "PostmanRuntime/7.32.2"

info: ::1 - - [07/Jun/2023:09:57:55 +0000] "PUT /api/v1/weatherData/6480508b82f19f0efc292612 HTTP/1.1" 429 55 "-" "PostmanRuntime/7.32.2"

info: ::1 - - [07/Jun/2023:09:59:23 +0000] "PUT /api/v1/weatherData/create HTTP/1.1" 429 55 "-" "undici"

info: ::1 - - [07/Jun/2023:09:59:23 +0000] "PUT /api/v1/weatherData/create HTTP/1.1" 500 75 "-" "undici"

info: ::1 - - [07/Jun/2023:09:59:23 +0000] "PUT /api/v1/weatherData/create HTTP/1.1" 500 142 "-" "undici"

info: ::1 - - [07/Jun/2023:09:59:23 +0000] "PUT /api/v1/weatherData/create HTTP/1.1" 500 142 "-" "undici"

info: ::1 - - [07/Jun/2023:09:59:23 +0000] "PUT /api/v1/weatherData/create HTTP/1.1" 500 142 "-" "undici"

info: ::1 - - [07/Jun/2023:09:59:23 +0000] "PUT /api/v1/weatherData/create HTTP/1.1" 500 142 "-" "undici"

info: ::1 - - [07/Jun/2023:09:59:23 +0000] "PUT /api/v1/weatherData/create HTTP/1.1" 500 142 "-" "undici"

info: ::1 - - [07/Jun/2023:09:59:23 +0000] "PUT /api/v1/weatherData/create HTTP/1.1" 500 142 "-" "undici"

info: ::1 - - [07/Jun/2023:09:59:23 +0000] "PUT /api/v1/weatherData/create HTTP/1.1" 500 142 "-" "undici"

info: ::1 - - [07/Jun/2023:09:59:23 +0000] "PUT /api/v1/weatherData/create HTTP/1.1" 500 142 "-" "undici"

info: ::1 - - [07/Jun/2023:09:59:23 +0000] "PUT /api/v1/weatherData/create HTTP/1.1" 500 142 "-" "undici"

info: ::1 - - [07/Jun/2023:09:59:23 +0000] "PUT /api/v1/weatherData/create HTTP/1.1" 500 142 "-" "undici"

info: ::1 - - [07/Jun/2023:09:59:23 +0000] "PUT /api/v1/weatherData/6480508b82f19f0efc292612 HTTP/1.1" 201 522 "-" "PostmanRuntime/7.32.2"

info: ::1 - - [07/Jun/2023:10:02:02 +0000] "PUT /api/v1/weatherData/create HTTP/1.1" 429 55 "-" "undici"

info: ::1 - - [07/Jun/2023:10:02:02 +0000] "PUT /api/v1/weatherData/create HTTP/1.1" 500 75 "-" "undici"

info: ::1 - - [07/Jun/2023:10:02:02 +0000] "PUT /api/v1/weatherData/create HTTP/1.1" 500 142 "-" "undici"

info: ::1 - - [07/Jun/2023:10:02:02 +0000] "PUT /api/v1/weatherData/create HTTP/1.1" 500 142 "-" "undici"

info: ::1 - - [07/Jun/2023:10:02:02 +0000] "PUT /api/v1/weatherData/create HTTP/1.1" 500 142 "-" "undici"

info: ::1 - - [07/Jun/2023:10:02:02 +0000] "PUT /api/v1/weatherData/create HTTP/1.1" 500 142 "-" "undici"

info: ::1 - - [07/Jun/2023:10:02:02 +0000] "PUT /api/v1/weatherData/create HTTP/1.1" 500 142 "-" "undici"

info: ::1 - - [07/Jun/2023:10:02:02 +0000] "PUT /api/v1/weatherData/create HTTP/1.1" 500 142 "-" "undici"

info: ::1 - - [07/Jun/2023:10:02:02 +0000] "PUT /api/v1/weatherData/create HTTP/1.1" 500 142 "-" "undici"

info: ::1 - - [07/Jun/2023:10:02:02 +0000] "PUT /api/v1/weatherData/create HTTP/1.1" 500 142 "-" "undici"

info: ::1 - - [07/Jun/2023:10:02:02 +0000] "PUT /api/v1/weatherData/create HTTP/1.1" 500 142 "-" "undici"

info: ::1 - - [07/Jun/2023:10:02:02 +0000] "PUT /api/v1/weatherData/create HTTP/1.1" 500 142 "-" "undici"

info: ::1 - - [07/Jun/2023:10:02:02 +0000] "PUT /api/v1/weatherData/6480508b82f19f0efc292612 HTTP/1.1" 201 522 "-" "PostmanRuntime/7.32.2"

info: ::1 - - [07/Jun/2023:10:03:24 +0000] "PUT /api/v1/weatherData/6480508b82f19f0efc292612 HTTP/1.1" 500 81 "-" "PostmanRuntime/7.32.2"

info: ::1 - - [07/Jun/2023:10:05:09 +0000] "GET /api/v1/weatherData HTTP/1.1" 200 88 "-" "undici"

info: ::1 - - [07/Jun/2023:10:05:09 +0000] "POST /api/v1/weatherData/create HTTP/1.1" 201 200 "-" "undici"

info: ::1 - - [07/Jun/2023:10:05:09 +0000] "PUT /api/v1/weatherData/6480508b82f19f0efc292612 HTTP/1.1" 500 58 "-" "PostmanRuntime/7.32.2"

info: ::1 - - [07/Jun/2023:10:06:30 +0000] "GET /api/v1/weatherData HTTP/1.1" 200 88 "-" "undici"

info: ::1 - - [07/Jun/2023:10:06:30 +0000] "POST /api/v1/weatherData/create HTTP/1.1" 201 200 "-" "undici"

info: ::1 - - [07/Jun/2023:10:06:30 +0000] "POST /api/v1/weatherData/6480508b82f19f0efc292612 HTTP/1.1" 500 58 "-" "PostmanRuntime/7.32.2"

info: ::1 - - [07/Jun/2023:10:06:33 +0000] "GET /api/v1/weatherData HTTP/1.1" 200 88 "-" "undici"

info: ::1 - - [07/Jun/2023:10:06:33 +0000] "POST /api/v1/weatherData/create HTTP/1.1" 201 200 "-" "undici"

info: ::1 - - [07/Jun/2023:10:06:33 +0000] "POST /api/v1/weatherData/6480508b82f19f0efc292612 HTTP/1.1" 500 58 "-" "PostmanRuntime/7.32.2"

info: ::1 - - [07/Jun/2023:10:09:30 +0000] "POST /api/v1/weatherData/6480508b82f19f0efc292612 HTTP/1.1" 201 522 "-" "PostmanRuntime/7.32.2"

info: ::1 - - [07/Jun/2023:10:10:41 +0000] "POST /api/v1/weatherData/6480508b82f19f0efc292612 HTTP/1.1" 201 522 "-" "PostmanRuntime/7.32.2"

info: ::1 - - [07/Jun/2023:10:12:00 +0000] "POST /api/v1/weatherData/6480508b82f19f0efc292612 HTTP/1.1" 201 522 "-" "PostmanRuntime/7.32.2"

info: ::1 - - [07/Jun/2023:10:13:00 +0000] "GET /api/v1/weatherData HTTP/1.1" 200 88 "-" "undici"

info: ::1 - - [07/Jun/2023:10:13:00 +0000] "POST /api/v1/weatherData/create HTTP/1.1" 201 200 "-" "undici"

info: ::1 - - [07/Jun/2023:10:13:00 +0000] "POST /api/v1/weatherData/6480508b82f19f0efc292612 HTTP/1.1" 500 58 "-" "PostmanRuntime/7.32.2"

info: ::1 - - [07/Jun/2023:10:13:41 +0000] "GET /api/v1/weatherData/create HTTP/1.1" 404 47 "-" "undici"

info: ::1 - - [07/Jun/2023:10:13:41 +0000] "POST /api/v1/weatherData/6480508b82f19f0efc292612 HTTP/1.1" 201 556 "-" "PostmanRuntime/7.32.2"

info: ::1 - - [07/Jun/2023:10:18:14 +0000] "GET /api/v1/weatherData HTTP/1.1" 200 88 "-" "undici"

info: ::1 - - [07/Jun/2023:10:18:14 +0000] "POST /api/v1/weatherData/create HTTP/1.1" 201 200 "-" "undici"

info: ::1 - - [07/Jun/2023:10:18:14 +0000] "POST /api/v1/weatherData/6480508b82f19f0efc292612 HTTP/1.1" 500 58 "-" "PostmanRuntime/7.32.2"

info: ::1 - - [07/Jun/2023:10:19:37 +0000] "GET /api/v1/weatherData HTTP/1.1" 200 88 "-" "undici"

info: ::1 - - [07/Jun/2023:10:19:38 +0000] "POST /api/v1/weatherData/create HTTP/1.1" 201 200 "-" "undici"

info: ::1 - - [07/Jun/2023:10:20:01 +0000] "GET /api/v1/weatherData HTTP/1.1" 200 88 "-" "undici"

info: ::1 - - [07/Jun/2023:10:20:01 +0000] "POST /api/v1/weatherData/create HTTP/1.1" 201 200 "-" "undici"

info: ::1 - - [07/Jun/2023:10:20:11 +0000] "GET /api/v1/weatherData HTTP/1.1" 200 88 "-" "undici"

info: ::1 - - [07/Jun/2023:10:20:11 +0000] "POST /api/v1/weatherData/create HTTP/1.1" 201 200 "-" "undici"

info: ::1 - - [07/Jun/2023:10:20:27 +0000] "GET /api/v1/weatherData HTTP/1.1" 200 88 "-" "undici"

info: ::1 - - [07/Jun/2023:10:20:27 +0000] "POST /api/v1/weatherData/create HTTP/1.1" 201 200 "-" "undici"

info: ::1 - - [07/Jun/2023:10:21:19 +0000] "GET /api/v1/weatherData HTTP/1.1" 200 88 "-" "undici"

info: ::1 - - [07/Jun/2023:10:21:19 +0000] "POST /api/v1/weatherData/create HTTP/1.1" 201 200 "-" "undici"

info: ::1 - - [07/Jun/2023:10:21:19 +0000] "POST /api/v1/weatherData/6480508b82f19f0efc292612 HTTP/1.1" 500 58 "-" "PostmanRuntime/7.32.2"

info: ::1 - - [07/Jun/2023:10:21:34 +0000] "GET /api/v1/weatherData/6480508b82f19f0efc292612 HTTP/1.1" 404 47 "-" "Mozilla/5.0 (Windows NT 10.0; Win64; x64) AppleWebKit/537.36 (KHTML, like Gecko) Chrome/114.0.0.0 Safari/537.36"

info: ::1 - - [07/Jun/2023:10:21:56 +0000] "GET /api/v1/weatherData HTTP/1.1" 200 88 "-" "undici"

info: ::1 - - [07/Jun/2023:10:21:56 +0000] "POST /api/v1/weatherData/create HTTP/1.1" 201 200 "-" "undici"

info: ::1 - - [07/Jun/2023:10:22:04 +0000] "GET /api/v1/weatherData HTTP/1.1" 200 88 "-" "undici"

info: ::1 - - [07/Jun/2023:10:22:04 +0000] "POST /api/v1/weatherData/create HTTP/1.1" 201 200 "-" "undici"

info: ::1 - - [07/Jun/2023:10:22:10 +0000] "GET /api/v1/weatherData HTTP/1.1" 200 88 "-" "undici"

info: ::1 - - [07/Jun/2023:10:22:10 +0000] "POST /api/v1/weatherData/create HTTP/1.1" 201 200 "-" "undici"

info: ::1 - - [07/Jun/2023:10:22:18 +0000] "GET /api/v1/weatherData/6480508b82f19f0efc292612 HTTP/1.1" 404 47 "-" "Mozilla/5.0 (Windows NT 10.0; Win64; x64) AppleWebKit/537.36 (KHTML, like Gecko) Chrome/114.0.0.0 Safari/537.36"

info: ::1 - - [07/Jun/2023:10:22:21 +0000] "GET /api/v1/weatherData/6480508b82f19f0efc292612 HTTP/1.1" 404 47 "-" "Mozilla/5.0 (Windows NT 10.0; Win64; x64) AppleWebKit/537.36 (KHTML, like Gecko) Chrome/114.0.0.0 Safari/537.36"

info: ::1 - - [07/Jun/2023:10:23:15 +0000] "GET /api/v1/weatherData/6480508b82f19f0efc292612 HTTP/1.1" 404 47 "-" "Mozilla/5.0 (Windows NT 10.0; Win64; x64) AppleWebKit/537.36 (KHTML, like Gecko) Chrome/114.0.0.0 Safari/537.36"

info: ::1 - - [07/Jun/2023:10:23:19 +0000] "GET /api/v1/weatherData/6480508b82f19f0efc292612 HTTP/1.1" 404 47 "-" "Mozilla/5.0 (Windows NT 10.0; Win64; x64) AppleWebKit/537.36 (KHTML, like Gecko) Chrome/114.0.0.0 Safari/537.36"

info: ::1 - - [07/Jun/2023:10:59:44 +0000] "POST /api/v1/weatherData/6480508b82f19f0efc292612 HTTP/1.1" 404 47 "-" "PostmanRuntime/7.32.2"

info: ::1 - - [07/Jun/2023:10:59:50 +0000] "PUT /api/v1/weatherData/create/6480508b82f19f0efc292612 HTTP/1.1" 404 47 "-" "undici"

info: ::1 - - [07/Jun/2023:10:59:50 +0000] "PUT /api/v1/weatherData/6480508b82f19f0efc292612 HTTP/1.1" 201 556 "-" "PostmanRuntime/7.32.2"

info: ::1 - - [07/Jun/2023:11:03:33 +0000] "PUT /api/v1/weatherData/create/6480508b82f19f0efc292612 HTTP/1.1" 404 47 "-" "undici"

info: ::1 - - [07/Jun/2023:11:03:33 +0000] "PUT /api/v1/weatherData/6480508b82f19f0efc292612 HTTP/1.1" 500 55 "-" "PostmanRuntime/7.32.2"

info: ::1 - - [07/Jun/2023:11:37:04 +0000] "GET /api/v1/weatherData HTTP/1.1" 500 75 "-" "PostmanRuntime/7.32.2"

info: ::1 - - [07/Jun/2023:11:38:11 +0000] "GET /api/v1/weatherData HTTP/1.1" 200 24584 "-" "PostmanRuntime/7.32.2"

info: ::1 - - [07/Jun/2023:11:39:07 +0000] "GET /api/v1/weatherData HTTP/1.1" 500 75 "-" "undici"

info: ::1 - - [07/Jun/2023:11:39:07 +0000] "POST /api/v1/weatherData/create HTTP/1.1" 201 200 "-" "PostmanRuntime/7.32.2"

info: ::1 - - [07/Jun/2023:11:39:35 +0000] "GET /api/v1/weatherData HTTP/1.1" 500 75 "-" "undici"

info: ::1 - - [07/Jun/2023:11:39:36 +0000] "POST /api/v1/weatherData/create HTTP/1.1" 201 200 "-" "PostmanRuntime/7.32.2"

info: ::1 - - [07/Jun/2023:11:40:05 +0000] "GET /api/v1/weatherData HTTP/1.1" 500 75 "-" "undici"

info: ::1 - - [07/Jun/2023:11:40:05 +0000] "POST /api/v1/weatherData/create HTTP/1.1" 201 200 "-" "PostmanRuntime/7.32.2"

info: ::1 - - [07/Jun/2023:11:42:20 +0000] "GET /api/v1/weatherData HTTP/1.1" 200 88 "-" "PostmanRuntime/7.32.2"

info: ::1 - - [07/Jun/2023:11:44:27 +0000] "GET /api/v1/weatherData HTTP/1.1" 200 297 "-" "PostmanRuntime/7.32.2"

info: ::1 - - [07/Jun/2023:11:45:15 +0000] "GET /api/v1/weatherData HTTP/1.1" 200 297 "-" "undici"

info: ::1 - - [07/Jun/2023:11:45:15 +0000] "POST /api/v1/weatherData/create HTTP/1.1" 201 516 "-" "PostmanRuntime/7.32.2"

info: ::1 - - [07/Jun/2023:11:46:28 +0000] "PUT /api/v1/weatherData/64806dcb8637041fb05fafad HTTP/1.1" 500 47 "-" "PostmanRuntime/7.32.2"

