info: ::1 - - [08/Jun/2023:06:23:41 +0000] "POST /api/v1/users/details HTTP/1.1" 201 264 "-" "PostmanRuntime/7.32.2"

info: ::1 - - [08/Jun/2023:06:23:51 +0000] "POST /api/v1/users/login HTTP/1.1" 500 54 "-" "PostmanRuntime/7.32.2"

info: ::1 - - [08/Jun/2023:06:24:25 +0000] "POST /api/v1/users/login HTTP/1.1" 500 72 "-" "PostmanRuntime/7.32.2"

info: ::1 - - [08/Jun/2023:06:28:59 +0000] "POST /api/v1/users/details HTTP/1.1" 201 312 "-" "PostmanRuntime/7.32.2"

info: ::1 - - [08/Jun/2023:06:29:08 +0000] "POST /api/v1/users/login HTTP/1.1" 500 54 "-" "PostmanRuntime/7.32.2"

info: ::1 - - [08/Jun/2023:06:29:47 +0000] "POST /api/v1/users/login HTTP/1.1" 500 73 "-" "PostmanRuntime/7.32.2"

info: ::1 - - [08/Jun/2023:06:30:47 +0000] "POST /api/v1/users/login HTTP/1.1" 201 493 "-" "PostmanRuntime/7.32.2"

info: ::1 - - [08/Jun/2023:06:39:02 +0000] "GET /api/v1/users/6481752b2d2f8938a43a80b1 HTTP/1.1" 500 52 "-" "PostmanRuntime/7.32.2"

info: ::1 - - [08/Jun/2023:06:50:47 +0000] "POST /api/v1/users/details HTTP/1.1" 500 84 "-" "PostmanRuntime/7.32.2"

info: ::1 - - [08/Jun/2023:06:51:18 +0000] "POST /api/v1/users/login HTTP/1.1" 500 54 "-" "PostmanRuntime/7.32.2"

info: ::1 - - [08/Jun/2023:06:52:43 +0000] "POST /api/v1/users/login HTTP/1.1" 500 54 "-" "PostmanRuntime/7.32.2"

info: ::1 - - [08/Jun/2023:06:54:44 +0000] "POST /api/v1/users/login HTTP/1.1" 500 54 "-" "PostmanRuntime/7.32.2"

info: ::1 - - [08/Jun/2023:06:58:29 +0000] "POST /api/v1/users/login HTTP/1.1" 500 51 "-" "PostmanRuntime/7.32.2"

info: ::1 - - [08/Jun/2023:06:59:00 +0000] "POST /api/v1/users/login HTTP/1.1" 201 493 "-" "PostmanRuntime/7.32.2"

info: ::1 - - [08/Jun/2023:07:01:25 +0000] "GET /api/v1/users/6481752b2d2f8938a43a80b1 HTTP/1.1" 500 52 "-" "PostmanRuntime/7.32.2"

info: ::1 - - [08/Jun/2023:07:02:26 +0000] "POST /api/v1/users/details HTTP/1.1" 201 312 "-" "PostmanRuntime/7.32.2"

info: ::1 - - [08/Jun/2023:07:04:48 +0000] "POST /api/v1/users/login HTTP/1.1" 201 493 "-" "PostmanRuntime/7.32.2"

info: ::1 - - [08/Jun/2023:07:05:10 +0000] "GET /api/v1/users/64817d02ab47783d3c7fe5b7 HTTP/1.1" 500 52 "-" "PostmanRuntime/7.32.2"

info: ::1 - - [08/Jun/2023:07:18:19 +0000] "POST /api/v1/users/details HTTP/1.1" 201 312 "-" "PostmanRuntime/7.32.2"

info: ::1 - - [08/Jun/2023:07:18:39 +0000] "POST /api/v1/users/login HTTP/1.1" 201 519 "-" "PostmanRuntime/7.32.2"

info: ::1 - - [08/Jun/2023:07:18:54 +0000] "GET /api/v1/users/648180bb8df00e3b94a01476 HTTP/1.1" 500 52 "-" "PostmanRuntime/7.32.2"

info: ::1 - - [08/Jun/2023:07:19:21 +0000] "GET /api/v1/users/648180bb8df00e3b94a01476 HTTP/1.1" 500 52 "-" "PostmanRuntime/7.32.2"

info: ::1 - - [08/Jun/2023:07:21:06 +0000] "GET /api/v1/users/648180bb8df00e3b94a01476 HTTP/1.1" 200 546 "-" "PostmanRuntime/7.32.2"

info: ::1 - - [08/Jun/2023:07:21:32 +0000] "GET /api/v1/users/648180bb8df00e3b94a01476 HTTP/1.1" 500 52 "-" "PostmanRuntime/7.32.2"

info: ::1 - - [08/Jun/2023:07:22:40 +0000] "POST /api/v1/users/login HTTP/1.1" 201 519 "-" "PostmanRuntime/7.32.2"

info: ::1 - - [08/Jun/2023:07:29:31 +0000] "POST /api/v1/users HTTP/1.1" 201 312 "-" "PostmanRuntime/7.32.2"

info: ::1 - - [08/Jun/2023:07:29:39 +0000] "POST /api/v1/users/login HTTP/1.1" 201 669 "-" "PostmanRuntime/7.32.2"

info: ::1 - - [08/Jun/2023:07:55:17 +0000] "POST /api/v1/users/refreshToken HTTP/1.1" 500 48 "-" "PostmanRuntime/7.32.2"

info: ::1 - - [08/Jun/2023:07:57:41 +0000] "POST /api/v1/users/refreshToken HTTP/1.1" 500 66 "-" "PostmanRuntime/7.32.2"

info: ::1 - - [08/Jun/2023:07:59:05 +0000] "POST /api/v1/users/refreshToken HTTP/1.1" 500 57 "-" "PostmanRuntime/7.32.2"

info: ::1 - - [08/Jun/2023:08:00:01 +0000] "POST /api/v1/users/refreshToken HTTP/1.1" 500 57 "-" "PostmanRuntime/7.32.2"

info: ::1 - - [08/Jun/2023:08:02:24 +0000] "POST /api/v1/users/refreshToken HTTP/1.1" 500 57 "-" "PostmanRuntime/7.32.2"

info: ::1 - - [08/Jun/2023:08:04:52 +0000] "POST /api/v1/users/refreshToken HTTP/1.1" 500 22 "-" "PostmanRuntime/7.32.2"

info: ::1 - - [08/Jun/2023:08:05:13 +0000] "POST /api/v1/users/refreshToken HTTP/1.1" 500 57 "-" "PostmanRuntime/7.32.2"

info: ::1 - - [08/Jun/2023:08:07:12 +0000] "POST /api/v1/users/refreshToken HTTP/1.1" 201 360 "-" "PostmanRuntime/7.32.2"

info: ::1 - - [08/Jun/2023:08:08:39 +0000] "GET /api/v1/users/648180bb8df00e3b94a01476 HTTP/1.1" 200 62 "-" "PostmanRuntime/7.32.2"

info: ::1 - - [08/Jun/2023:08:10:18 +0000] "GET /api/v1/users/648180bb8df00e3b94a01476 HTTP/1.1" 200 62 "-" "PostmanRuntime/7.32.2"

info: ::1 - - [08/Jun/2023:08:10:56 +0000] "GET /api/v1/users/6481835bc4b7aa163422b007 HTTP/1.1" 200 621 "-" "PostmanRuntime/7.32.2"

info: ::1 - - [08/Jun/2023:11:41:25 +0000] "POST /api/v1/users HTTP/1.1" 500 54 "-" "PostmanRuntime/7.32.2"

info: ::1 - - [08/Jun/2023:11:41:50 +0000] "POST /api/v1/users HTTP/1.1" 201 321 "-" "PostmanRuntime/7.32.2"

info: ::1 - - [08/Jun/2023:11:42:01 +0000] "POST /api/v1/users/login HTTP/1.1" 201 669 "-" "PostmanRuntime/7.32.2"

info: ::1 - - [08/Jun/2023:11:47:08 +0000] "POST /api/v1/users/refreshToken HTTP/1.1" 500 48 "-" "PostmanRuntime/7.32.2"

info: ::1 - - [08/Jun/2023:11:48:15 +0000] "POST /api/v1/users/refreshToken HTTP/1.1" 201 360 "-" "PostmanRuntime/7.32.2"

